# JRE version: OpenJDK Runtime Environment (8.0_112-b06) (build 1.8.0_112-release-b06)
# Java VM: OpenJDK 64-Bit Server VM (25.112-b06 mixed mode linux-amd64 compressed oops)
Heap:
 PSYoungGen      total 224768K, used 24487K [0x00000000eab00000, 0x0000000100000000, 0x0000000100000000)
  eden space 171008K, 0% used [0x00000000eab00000,0x00000000eab00000,0x00000000f5200000)
  from space 53760K, 45% used [0x00000000fcb80000,0x00000000fe369da8,0x0000000100000000)
  to   space 89088K, 0% used [0x00000000f5200000,0x00000000f5200000,0x00000000fa900000)
 ParOldGen       total 159232K, used 159168K [0x00000000c0000000, 0x00000000c9b80000, 0x00000000eab00000)
  object space 159232K, 99% used [0x00000000c0000000,0x00000000c9b702e0,0x00000000c9b80000)
 Metaspace       used 6458K, capacity 7344K, committed 7552K, reserved 1056768K
  class space    used 589K, capacity 616K, committed 640K, reserved 1048576K
GC Heap History (10 events):
Event: 4,342 GC heap after
Heap after GC invocations=7 (full 0):
 PSYoungGen      total 281600K, used 32224K [0x00000000eab00000, 0x0000000100000000, 0x0000000100000000)
  eden space 249344K, 0% used [0x00000000eab00000,0x00000000eab00000,0x00000000f9e80000)
  from space 32256K, 99% used [0x00000000f9e80000,0x00000000fbdf83b8,0x00000000fbe00000)
  to   space 51200K, 0% used [0x00000000fce00000,0x00000000fce00000,0x0000000100000000)
 ParOldGen       total 84992K, used 60831K [0x00000000c0000000, 0x00000000c5300000, 0x00000000eab00000)
  object space 84992K, 71% used [0x00000000c0000000,0x00000000c3b67f78,0x00000000c5300000)
 Metaspace       used 6341K, capacity 7280K, committed 7552K, reserved 1056768K
  class space    used 587K, capacity 616K, committed 640K, reserved 1048576K
}
Event: 4,342 GC heap before
{Heap before GC invocations=8 (full 1):
 PSYoungGen      total 281600K, used 32224K [0x00000000eab00000, 0x0000000100000000, 0x0000000100000000)
  eden space 249344K, 0% used [0x00000000eab00000,0x00000000eab00000,0x00000000f9e80000)
  from space 32256K, 99% used [0x00000000f9e80000,0x00000000fbdf83b8,0x00000000fbe00000)
  to   space 51200K, 0% used [0x00000000fce00000,0x00000000fce00000,0x0000000100000000)
 ParOldGen       total 84992K, used 60831K [0x00000000c0000000, 0x00000000c5300000, 0x00000000eab00000)
  object space 84992K, 71% used [0x00000000c0000000,0x00000000c3b67f78,0x00000000c5300000)
 Metaspace       used 6341K, capacity 7280K, committed 7552K, reserved 1056768K
  class space    used 587K, capacity 616K, committed 640K, reserved 1048576K
Event: 4,770 GC heap after
Heap after GC invocations=8 (full 1):
 PSYoungGen      total 281600K, used 4562K [0x00000000eab00000, 0x0000000100000000, 0x0000000100000000)
  eden space 249344K, 0% used [0x00000000eab00000,0x00000000eab00000,0x00000000f9e80000)
  from space 32256K, 14% used [0x00000000f9e80000,0x00000000fa2f4bd0,0x00000000fbe00000)
  to   space 51200K, 0% used [0x00000000fce00000,0x00000000fce00000,0x0000000100000000)
 ParOldGen       total 159232K, used 84812K [0x00000000c0000000, 0x00000000c9b80000, 0x00000000eab00000)
  object space 159232K, 53% used [0x00000000c0000000,0x00000000c52d3078,0x00000000c9b80000)
 Metaspace       used 6341K, capacity 7280K, committed 7552K, reserved 1056768K
  class space    used 587K, capacity 616K, committed 640K, reserved 1048576K
}
Event: 5,318 GC heap before
{Heap before GC invocations=9 (full 1):
 PSYoungGen      total 281600K, used 253906K [0x00000000eab00000, 0x0000000100000000, 0x0000000100000000)
  eden space 249344K, 100% used [0x00000000eab00000,0x00000000f9e80000,0x00000000f9e80000)
  from space 32256K, 14% used [0x00000000f9e80000,0x00000000fa2f4bd0,0x00000000fbe00000)
  to   space 51200K, 0% used [0x00000000fce00000,0x00000000fce00000,0x0000000100000000)
 ParOldGen       total 159232K, used 84812K [0x00000000c0000000, 0x00000000c9b80000, 0x00000000eab00000)
  object space 159232K, 53% used [0x00000000c0000000,0x00000000c52d3078,0x00000000c9b80000)
 Metaspace       used 6424K, capacity 7344K, committed 7552K, reserved 1056768K
  class space    used 589K, capacity 616K, committed 640K, reserved 1048576K
Event: 5,388 GC heap after
Heap after GC invocations=9 (full 1):
 PSYoungGen      total 292864K, used 33232K [0x00000000eab00000, 0x0000000100000000, 0x0000000100000000)
  eden space 241664K, 0% used [0x00000000eab00000,0x00000000eab00000,0x00000000f9700000)
  from space 51200K, 64% used [0x00000000fce00000,0x00000000fee740e8,0x0000000100000000)
  to   space 53760K, 0% used [0x00000000f9700000,0x00000000f9700000,0x00000000fcb80000)
 ParOldGen       total 159232K, used 84812K [0x00000000c0000000, 0x00000000c9b80000, 0x00000000eab00000)
  object space 159232K, 53% used [0x00000000c0000000,0x00000000c52d3078,0x00000000c9b80000)
 Metaspace       used 6424K, capacity 7344K, committed 7552K, reserved 1056768K
  class space    used 589K, capacity 616K, committed 640K, reserved 1048576K
}
Event: 6,167 GC heap before
{Heap before GC invocations=10 (full 1):
 PSYoungGen      total 292864K, used 274896K [0x00000000eab00000, 0x0000000100000000, 0x0000000100000000)
  eden space 241664K, 100% used [0x00000000eab00000,0x00000000f9700000,0x00000000f9700000)
  from space 51200K, 64% used [0x00000000fce00000,0x00000000fee740e8,0x0000000100000000)
  to   space 53760K, 0% used [0x00000000f9700000,0x00000000f9700000,0x00000000fcb80000)
 ParOldGen       total 159232K, used 84812K [0x00000000c0000000, 0x00000000c9b80000, 0x00000000eab00000)
  object space 159232K, 53% used [0x00000000c0000000,0x00000000c52d3078,0x00000000c9b80000)
 Metaspace       used 6452K, capacity 7344K, committed 7552K, reserved 1056768K
  class space    used 589K, capacity 616K, committed 640K, reserved 1048576K
Event: 6,240 GC heap after
Heap after GC invocations=10 (full 1):
 PSYoungGen      total 295424K, used 53733K [0x00000000eab00000, 0x0000000100000000, 0x0000000100000000)
  eden space 241664K, 0% used [0x00000000eab00000,0x00000000eab00000,0x00000000f9700000)
  from space 53760K, 99% used [0x00000000f9700000,0x00000000fcb79640,0x00000000fcb80000)
  to   space 53760K, 0% used [0x00000000fcb80000,0x00000000fcb80000,0x0000000100000000)
 ParOldGen       total 159232K, used 100103K [0x00000000c0000000, 0x00000000c9b80000, 0x00000000eab00000)
  object space 159232K, 62% used [0x00000000c0000000,0x00000000c61c1e60,0x00000000c9b80000)
 Metaspace       used 6452K, capacity 7344K, committed 7552K, reserved 1056768K
  class space    used 589K, capacity 616K, committed 640K, reserved 1048576K
}
Event: 6,902 GC heap before
{Heap before GC invocations=11 (full 1):
 PSYoungGen      total 295424K, used 295397K [0x00000000eab00000, 0x0000000100000000, 0x0000000100000000)
  eden space 241664K, 100% used [0x00000000eab00000,0x00000000f9700000,0x00000000f9700000)
  from space 53760K, 99% used [0x00000000f9700000,0x00000000fcb79640,0x00000000fcb80000)
  to   space 53760K, 0% used [0x00000000fcb80000,0x00000000fcb80000,0x0000000100000000)
 ParOldGen       total 159232K, used 100103K [0x00000000c0000000, 0x00000000c9b80000, 0x00000000eab00000)
  object space 159232K, 62% used [0x00000000c0000000,0x00000000c61c1e60,0x00000000c9b80000)
 Metaspace       used 6458K, capacity 7344K, committed 7552K, reserved 1056768K
  class space    used 589K, capacity 616K, committed 640K, reserved 1048576K
Event: 7,028 GC heap after
Heap after GC invocations=11 (full 1):
 PSYoungGen      total 224768K, used 53736K [0x00000000eab00000, 0x0000000100000000, 0x0000000100000000)
  eden space 171008K, 0% used [0x00000000eab00000,0x00000000eab00000,0x00000000f5200000)
  from space 53760K, 99% used [0x00000000fcb80000,0x00000000ffffa068,0x0000000100000000)
  to   space 89088K, 0% used [0x00000000f5200000,0x00000000f5200000,0x00000000fa900000)
 ParOldGen       total 159232K, used 136695K [0x00000000c0000000, 0x00000000c9b80000, 0x00000000eab00000)
  object space 159232K, 85% used [0x00000000c0000000,0x00000000c857ddf0,0x00000000c9b80000)
 Metaspace       used 6458K, capacity 7344K, committed 7552K, reserved 1056768K
  class space    used 589K, capacity 616K, committed 640K, reserved 1048576K
}
Event: 7,030 GC heap before
{Heap before GC invocations=12 (full 2):
 PSYoungGen      total 224768K, used 53736K [0x00000000eab00000, 0x0000000100000000, 0x0000000100000000)
  eden space 171008K, 0% used [0x00000000eab00000,0x00000000eab00000,0x00000000f5200000)
  from space 53760K, 99% used [0x00000000fcb80000,0x00000000ffffa068,0x0000000100000000)
  to   space 89088K, 0% used [0x00000000f5200000,0x00000000f5200000,0x00000000fa900000)
 ParOldGen       total 159232K, used 136695K [0x00000000c0000000, 0x00000000c9b80000, 0x00000000eab00000)
  object space 159232K, 85% used [0x00000000c0000000,0x00000000c857ddf0,0x00000000c9b80000)
 Metaspace       used 6458K, capacity 7344K, committed 7552K, reserved 1056768K
  class space    used 589K, capacity 616K, committed 640K, reserved 1048576K

