# JRE version: OpenJDK Runtime Environment (8.0_112-b06) (build 1.8.0_112-release-b06)
# Java VM: OpenJDK 64-Bit Server VM (25.112-b06 mixed mode linux-amd64 compressed oops)
Heap:
 PSYoungGen      total 225792K, used 19881K [0x00000000eab00000, 0x0000000100000000, 0x0000000100000000)
  eden space 172032K, 0% used [0x00000000eab00000,0x00000000eab00000,0x00000000f5300000)
  from space 53760K, 36% used [0x00000000fcb80000,0x00000000fdeea5b8,0x0000000100000000)
  to   space 88576K, 0% used [0x00000000f5300000,0x00000000f5300000,0x00000000fa980000)
 ParOldGen       total 163840K, used 163349K [0x00000000c0000000, 0x00000000ca000000, 0x00000000eab00000)
  object space 163840K, 99% used [0x00000000c0000000,0x00000000c9f85498,0x00000000ca000000)
 Metaspace       used 6440K, capacity 7344K, committed 7552K, reserved 1056768K
  class space    used 587K, capacity 616K, committed 640K, reserved 1048576K
GC Heap History (10 events):
Event: 2,841 GC heap after
Heap after GC invocations=7 (full 0):
 PSYoungGen      total 282112K, used 32244K [0x00000000eab00000, 0x0000000100000000, 0x0000000100000000)
  eden space 249856K, 0% used [0x00000000eab00000,0x00000000eab00000,0x00000000f9f00000)
  from space 32256K, 99% used [0x00000000f9f00000,0x00000000fbe7d350,0x00000000fbe80000)
  to   space 51712K, 0% used [0x00000000fcd80000,0x00000000fcd80000,0x0000000100000000)
 ParOldGen       total 84992K, used 61806K [0x00000000c0000000, 0x00000000c5300000, 0x00000000eab00000)
  object space 84992K, 72% used [0x00000000c0000000,0x00000000c3c5ba10,0x00000000c5300000)
 Metaspace       used 6380K, capacity 7344K, committed 7552K, reserved 1056768K
  class space    used 586K, capacity 616K, committed 640K, reserved 1048576K
}
Event: 2,841 GC heap before
{Heap before GC invocations=8 (full 1):
 PSYoungGen      total 282112K, used 32244K [0x00000000eab00000, 0x0000000100000000, 0x0000000100000000)
  eden space 249856K, 0% used [0x00000000eab00000,0x00000000eab00000,0x00000000f9f00000)
  from space 32256K, 99% used [0x00000000f9f00000,0x00000000fbe7d350,0x00000000fbe80000)
  to   space 51712K, 0% used [0x00000000fcd80000,0x00000000fcd80000,0x0000000100000000)
 ParOldGen       total 84992K, used 61806K [0x00000000c0000000, 0x00000000c5300000, 0x00000000eab00000)
  object space 84992K, 72% used [0x00000000c0000000,0x00000000c3c5ba10,0x00000000c5300000)
 Metaspace       used 6380K, capacity 7344K, committed 7552K, reserved 1056768K
  class space    used 586K, capacity 616K, committed 640K, reserved 1048576K
Event: 3,273 GC heap after
Heap after GC invocations=8 (full 1):
 PSYoungGen      total 282112K, used 4581K [0x00000000eab00000, 0x0000000100000000, 0x0000000100000000)
  eden space 249856K, 0% used [0x00000000eab00000,0x00000000eab00000,0x00000000f9f00000)
  from space 32256K, 14% used [0x00000000f9f00000,0x00000000fa379650,0x00000000fbe80000)
  to   space 51712K, 0% used [0x00000000fcd80000,0x00000000fcd80000,0x0000000100000000)
 ParOldGen       total 163840K, used 84901K [0x00000000c0000000, 0x00000000ca000000, 0x00000000eab00000)
  object space 163840K, 51% used [0x00000000c0000000,0x00000000c52e97d8,0x00000000ca000000)
 Metaspace       used 6380K, capacity 7344K, committed 7552K, reserved 1056768K
  class space    used 586K, capacity 616K, committed 640K, reserved 1048576K
}
Event: 3,672 GC heap before
{Heap before GC invocations=9 (full 1):
 PSYoungGen      total 282112K, used 254437K [0x00000000eab00000, 0x0000000100000000, 0x0000000100000000)
  eden space 249856K, 100% used [0x00000000eab00000,0x00000000f9f00000,0x00000000f9f00000)
  from space 32256K, 14% used [0x00000000f9f00000,0x00000000fa379650,0x00000000fbe80000)
  to   space 51712K, 0% used [0x00000000fcd80000,0x00000000fcd80000,0x0000000100000000)
 ParOldGen       total 163840K, used 84901K [0x00000000c0000000, 0x00000000ca000000, 0x00000000eab00000)
  object space 163840K, 51% used [0x00000000c0000000,0x00000000c52e97d8,0x00000000ca000000)
 Metaspace       used 6411K, capacity 7344K, committed 7552K, reserved 1056768K
  class space    used 587K, capacity 616K, committed 640K, reserved 1048576K
Event: 3,748 GC heap after
Heap after GC invocations=9 (full 1):
 PSYoungGen      total 293376K, used 33197K [0x00000000eab00000, 0x0000000100000000, 0x0000000100000000)
  eden space 241664K, 0% used [0x00000000eab00000,0x00000000eab00000,0x00000000f9700000)
  from space 51712K, 64% used [0x00000000fcd80000,0x00000000fedeb578,0x0000000100000000)
  to   space 53760K, 0% used [0x00000000f9700000,0x00000000f9700000,0x00000000fcb80000)
 ParOldGen       total 163840K, used 84901K [0x00000000c0000000, 0x00000000ca000000, 0x00000000eab00000)
  object space 163840K, 51% used [0x00000000c0000000,0x00000000c52e97d8,0x00000000ca000000)
 Metaspace       used 6411K, capacity 7344K, committed 7552K, reserved 1056768K
  class space    used 587K, capacity 616K, committed 640K, reserved 1048576K
}
Event: 4,526 GC heap before
{Heap before GC invocations=10 (full 1):
 PSYoungGen      total 293376K, used 274861K [0x00000000eab00000, 0x0000000100000000, 0x0000000100000000)
  eden space 241664K, 100% used [0x00000000eab00000,0x00000000f9700000,0x00000000f9700000)
  from space 51712K, 64% used [0x00000000fcd80000,0x00000000fedeb578,0x0000000100000000)
  to   space 53760K, 0% used [0x00000000f9700000,0x00000000f9700000,0x00000000fcb80000)
 ParOldGen       total 163840K, used 84901K [0x00000000c0000000, 0x00000000ca000000, 0x00000000eab00000)
  object space 163840K, 51% used [0x00000000c0000000,0x00000000c52e97d8,0x00000000ca000000)
 Metaspace       used 6435K, capacity 7344K, committed 7552K, reserved 1056768K
  class space    used 587K, capacity 616K, committed 640K, reserved 1048576K
Event: 4,599 GC heap after
Heap after GC invocations=10 (full 1):
 PSYoungGen      total 295424K, used 53755K [0x00000000eab00000, 0x0000000100000000, 0x0000000100000000)
  eden space 241664K, 0% used [0x00000000eab00000,0x00000000eab00000,0x00000000f9700000)
  from space 53760K, 99% used [0x00000000f9700000,0x00000000fcb7eee0,0x00000000fcb80000)
  to   space 53760K, 0% used [0x00000000fcb80000,0x00000000fcb80000,0x0000000100000000)
 ParOldGen       total 163840K, used 100170K [0x00000000c0000000, 0x00000000ca000000, 0x00000000eab00000)
  object space 163840K, 61% used [0x00000000c0000000,0x00000000c61d29c0,0x00000000ca000000)
 Metaspace       used 6435K, capacity 7344K, committed 7552K, reserved 1056768K
  class space    used 587K, capacity 616K, committed 640K, reserved 1048576K
}
Event: 5,485 GC heap before
{Heap before GC invocations=11 (full 1):
 PSYoungGen      total 295424K, used 295419K [0x00000000eab00000, 0x0000000100000000, 0x0000000100000000)
  eden space 241664K, 100% used [0x00000000eab00000,0x00000000f9700000,0x00000000f9700000)
  from space 53760K, 99% used [0x00000000f9700000,0x00000000fcb7eee0,0x00000000fcb80000)
  to   space 53760K, 0% used [0x00000000fcb80000,0x00000000fcb80000,0x0000000100000000)
 ParOldGen       total 163840K, used 100170K [0x00000000c0000000, 0x00000000ca000000, 0x00000000eab00000)
  object space 163840K, 61% used [0x00000000c0000000,0x00000000c61d29c0,0x00000000ca000000)
 Metaspace       used 6440K, capacity 7344K, committed 7552K, reserved 1056768K
  class space    used 587K, capacity 616K, committed 640K, reserved 1048576K
Event: 5,665 GC heap after
Heap after GC invocations=11 (full 1):
 PSYoungGen      total 225792K, used 53731K [0x00000000eab00000, 0x0000000100000000, 0x0000000100000000)
  eden space 172032K, 0% used [0x00000000eab00000,0x00000000eab00000,0x00000000f5300000)
  from space 53760K, 99% used [0x00000000fcb80000,0x00000000ffff8d30,0x0000000100000000)
  to   space 88576K, 0% used [0x00000000f5300000,0x00000000f5300000,0x00000000fa980000)
 ParOldGen       total 163840K, used 136027K [0x00000000c0000000, 0x00000000ca000000, 0x00000000eab00000)
  object space 163840K, 83% used [0x00000000c0000000,0x00000000c84d6f50,0x00000000ca000000)
 Metaspace       used 6440K, capacity 7344K, committed 7552K, reserved 1056768K
  class space    used 587K, capacity 616K, committed 640K, reserved 1048576K
}
Event: 5,669 GC heap before
{Heap before GC invocations=12 (full 2):
 PSYoungGen      total 225792K, used 53731K [0x00000000eab00000, 0x0000000100000000, 0x0000000100000000)
  eden space 172032K, 0% used [0x00000000eab00000,0x00000000eab00000,0x00000000f5300000)
  from space 53760K, 99% used [0x00000000fcb80000,0x00000000ffff8d30,0x0000000100000000)
  to   space 88576K, 0% used [0x00000000f5300000,0x00000000f5300000,0x00000000fa980000)
 ParOldGen       total 163840K, used 136027K [0x00000000c0000000, 0x00000000ca000000, 0x00000000eab00000)
  object space 163840K, 83% used [0x00000000c0000000,0x00000000c84d6f50,0x00000000ca000000)
 Metaspace       used 6440K, capacity 7344K, committed 7552K, reserved 1056768K
  class space    used 587K, capacity 616K, committed 640K, reserved 1048576K

